0 info it worked if it ends with ok
1 verbose cli [ '/usr/local/bin/node',
1 verbose cli   '/usr/local/bin/npm',
1 verbose cli   'version',
1 verbose cli   '1.0.1' ]
2 info using npm@4.0.5
3 info using node@v7.4.0
4 info git [ 'status', '--porcelain' ]
5 verbose stack Error: Git working directory not clean.
5 verbose stack D examples/FoodStore.js
5 verbose stack D examples/TodoStore.js
5 verbose stack D flue/Action.js
5 verbose stack D flue/PromiseDispatcher.js
5 verbose stack D flue/Store.js
5 verbose stack D flue/SuperStore.js
5 verbose stack D flue/flue.js
5 verbose stack D test.js
5 verbose stack D webpack.config.js
5 verbose stack     at /usr/local/lib/node_modules/npm/lib/version.js:247:19
5 verbose stack     at /usr/local/lib/node_modules/npm/lib/utils/no-progress-while-running.js:21:8
5 verbose stack     at ChildProcess.exithandler (child_process.js:202:7)
5 verbose stack     at emitTwo (events.js:106:13)
5 verbose stack     at ChildProcess.emit (events.js:191:7)
5 verbose stack     at maybeClose (internal/child_process.js:885:16)
5 verbose stack     at Socket.<anonymous> (internal/child_process.js:334:11)
5 verbose stack     at emitOne (events.js:96:13)
5 verbose stack     at Socket.emit (events.js:188:7)
5 verbose stack     at Pipe._handle.close [as _onclose] (net.js:501:12)
6 verbose cwd /Users/VaeVictis/Desktop/flue
7 error Darwin 16.4.0
8 error argv "/usr/local/bin/node" "/usr/local/bin/npm" "version" "1.0.1"
9 error node v7.4.0
10 error npm  v4.0.5
11 error Git working directory not clean.
11 error D examples/FoodStore.js
11 error D examples/TodoStore.js
11 error D flue/Action.js
11 error D flue/PromiseDispatcher.js
11 error D flue/Store.js
11 error D flue/SuperStore.js
11 error D flue/flue.js
11 error D test.js
11 error D webpack.config.js
12 error If you need help, you may report this error at:
12 error     <https://github.com/npm/npm/issues>
13 verbose exit [ 1, true ]
